[2025-12-08 17:10:30] Read: {"file_path": "/Users/billdoughty/src/wdd/rust/string_space/python/string_space_completer/string_space_completer.py"}
[2025-12-08 17:10:39] Grep: {"pattern": "time|delta|milli|second|0\\.1", "path": "/Users/billdoughty/src/wdd/rust/string_space/python/string_space_completer/string_space_completer.py", "output_mode": "content", "-n": true}
[2025-12-08 17:11:04] Grep: {"pattern": "last_completion_time", "path": "/Users/billdoughty/src/wdd/rust/string_space/python/string_space_completer/string_space_completer.py", "output_mode": "content", "-n": true}
[2025-12-08 17:12:11] Read: {"file_path": "/Users/billdoughty/src/wdd/rust/string_space/python/string_space_completer/string_space_completer.py", "offset": 36, "limit": 30}
[2025-12-08 17:12:31] Edit: {"file_path": "/Users/billdoughty/src/wdd/rust/string_space/python/string_space_completer/string_space_completer.py", "old_string": "    def __init__(self, **kwargs):\n        port = kwargs.get('port', 7878)\n        host = kwargs.get('host', '127.0.0.1')\n        debug = kwargs.get('debug', False)\n        self.disabled = False\n        self.client = StringSpaceClient(host, port, debug)\n        self.last_completion_time = time.time()\n        # Don't connect here - let StringSpaceClient handle connections per request\n        # This avoids connection state issues with concurrent access", "new_string": "    def __init__(self, **kwargs):\n        port = kwargs.get('port', 7878)\n        host = kwargs.get('host', '127.0.0.1')\n        debug = kwargs.get('debug', False)\n        self.disabled = False\n        self.client = StringSpaceClient(host, port, debug)\n        # Don't connect here - let StringSpaceClient handle connections per request\n        # This avoids connection state issues with concurrent access"}
[2025-12-08 17:12:47] Edit: {"file_path": "/Users/billdoughty/src/wdd/rust/string_space/python/string_space_completer/string_space_completer.py", "old_string": "    def get_completions(self, document: Document, complete_event: CompleteEvent):\n        if self.disabled:\n            return\n        now = time.time()\n        # get delta since last completion\n        delta = now - self.last_completion_time\n        # if delta is less than 100 milliseconds, return\n        if delta < 0.1:\n            return\n        # Don't update timestamp yet - wait until after network call completes\n        # self.last_completion_time = now  # REMOVED - will update after network call\n        word_before_cursor = document.get_word_before_cursor(WORD=True)", "new_string": "    def get_completions(self, document: Document, complete_event: CompleteEvent):\n        if self.disabled:\n            return\n        word_before_cursor = document.get_word_before_cursor(WORD=True)"}
[2025-12-08 17:13:00] Edit: {"file_path": "/Users/billdoughty/src/wdd/rust/string_space/python/string_space_completer/string_space_completer.py", "old_string": "        suggestions = self.client.best_completions_search(word_before_cursor, limit=10)\n        \n        # Update timestamp AFTER network call completes\n        self.last_completion_time = time.time()\n\n        # for each suggestion in suggestions, if the first character is lower case and matches the first character of word_before_cursor, change it to upper case", "new_string": "        suggestions = self.client.best_completions_search(word_before_cursor, limit=10)\n\n        # for each suggestion in suggestions, if the first character is lower case and matches the first character of word_before_cursor, change it to upper case"}
[2025-12-08 17:14:07] Read: {"file_path": "/Users/billdoughty/src/wdd/rust/string_space/python/string_space_completer/string_space_completer.py"}
[2025-12-08 17:14:15] Edit: {"file_path": "/Users/billdoughty/src/wdd/rust/string_space/python/string_space_completer/string_space_completer.py", "old_string": "import time\nfrom prompt_toolkit.completion import Completer, Completion, CompleteEvent\nfrom prompt_toolkit.document import Document\n\nimport re\nfrom string_space_client import StringSpaceClient, ProtocolError\nimport sys", "new_string": "from prompt_toolkit.completion import Completer, Completion, CompleteEvent\nfrom prompt_toolkit.document import Document\n\nimport re\nfrom string_space_client import StringSpaceClient, ProtocolError\nimport sys"}
[2025-12-08 17:14:23] Read: {"file_path": "/Users/billdoughty/src/wdd/rust/string_space/python/string_space_completer/string_space_completer.py", "offset": 35, "limit": 30}
[2025-12-08 17:14:28] Glob: {"pattern": "*.py", "path": "/Users/billdoughty/src/wdd/rust/string_space/python/string_space_completer"}
[2025-12-08 17:14:39] Read: {"file_path": "/Users/billdoughty/src/wdd/rust/string_space/python/string_space_completer/__init__.py"}
[2025-12-08 17:14:44] Bash: {"command": "cd /Users/billdoughty/src/wdd/rust/string_space/python/string_space_completer && python -m py_compile string_space_completer.py", "description": "Check Python syntax of the modified file"}
[2025-12-08 17:15:01] Grep: {"pattern": "0\\.1|100.*milli|delta.*time|last_completion", "path": "/Users/billdoughty/src/wdd/rust/string_space", "output_mode": "content", "-n": true}
[2025-12-08 17:30:51] Bash: {"command": "git tag -l | grep v0.6.3", "description": "Check if v0.6.3 tag exists"}
[2025-12-08 17:31:01] Bash: {"command": "git tag -d v0.6.3", "description": "Delete the v0.6.3 tag locally"}
[2025-12-08 17:31:37] Bash: {"command": "git remote -v", "description": "Check configured remote repositories"}
[2025-12-08 17:31:50] Bash: {"command": "git push --delete origin v0.6.3", "description": "Delete v0.6.3 tag from remote repository"}
[2025-12-08 17:32:00] Bash: {"command": "git tag -l | grep v0.6.3", "description": "Verify tag is deleted locally"}
[2025-12-08 17:32:13] Bash: {"command": "git fetch --tags && git tag -l | grep v0.6.3", "description": "Fetch tags from remote and check if v0.6.3 still exists"}
